app/build/outputs/logs/manifest-merger-release-report.txt
-- Merging decision tree log ---
manifest
ADDED from src/main/AndroidManifest.xml:2:1-198:12
INJECTED from src/main/AndroidManifest.xml:2:1-198:12
INJECTED from src/main/AndroidManifest.xml:2:1-198:12
INJECTED from src/main/AndroidManifest.xml:2:1-198:12
MERGED from [com.android.support.constraint:constraint-layout:1.1.3] AndroidManifest.xml:2:1-11:12
MERGED from [com.android.volley:volley:1.0.0] AndroidManifest.xml:2:1-11:12
INJECTED from src/main/AndroidManifest.xml:2:1-198:12
INJECTED from src/main/AndroidManifest.xml:2:1-198:12
INJECTED from src/main/AndroidManifest.xml:2:1-198:12
	package
		ADDED from src/main/AndroidManifest.xml:4:5-38
		INJECTED from src/main/AndroidManifest.xml
		INJECTED from src/main/AndroidManifest.xml
	android:versionName
		ADDED from src/main/AndroidManifest.xml:6:5-30
		INJECTED from src/main/AndroidManifest.xml
		INJECTED from src/main/AndroidManifest.xml
	xmlns:tools
		ADDED from src/main/AndroidManifest.xml:3:5-51
	xmlns:android
		ADDED from src/main/AndroidManifest.xml:2:11-69
	android:versionCode
		ADDED from src/main/AndroidManifest.xml:5:5-28
		INJECTED from src/main/AndroidManifest.xml
		INJECTED from src/main/AndroidManifest.xml
uses-sdk
ADDED from src/main/AndroidManifest.xml:8:5-10:40
INJECTED from src/main/AndroidManifest.xml:8:5-10:40
INJECTED from src/main/AndroidManifest.xml:8:5-10:40
MERGED from [com.android.support.constraint:constraint-layout:1.1.3] AndroidManifest.xml:5:5-7:41
MERGED from [com.android.support.constraint:constraint-layout:1.1.3] AndroidManifest.xml:5:5-7:41
MERGED from [com.android.volley:volley:1.0.0] AndroidManifest.xml:7:5-43
MERGED from [com.android.volley:volley:1.0.0] AndroidManifest.xml:7:5-43
INJECTED from src/main/AndroidManifest.xml:8:5-10:40
INJECTED from src/main/AndroidManifest.xml:8:5-10:40
	android:targetSdkVersion
		ADDED from src/main/AndroidManifest.xml:10:9-37
		INJECTED from src/main/AndroidManifest.xml
		INJECTED from src/main/AndroidManifest.xml
	android:minSdkVersion
		ADDED from src/main/AndroidManifest.xml:9:9-34
		INJECTED from src/main/AndroidManifest.xml
		INJECTED from src/main/AndroidManifest.xml
uses-permission#android.permission.ACCESS_NETWORK_STATE
ADDED from src/main/AndroidManifest.xml:12:5-79
	android:name
		ADDED from src/main/AndroidManifest.xml:12:22-76
uses-permission#android.permission.BLUETOOTH_ADMIN
ADDED from src/main/AndroidManifest.xml:13:5-74
	android:name
		ADDED from src/main/AndroidManifest.xml:13:22-71
uses-permission#android.permission.BLUETOOTH
ADDED from src/main/AndroidManifest.xml:14:5-68
	android:name
		ADDED from src/main/AndroidManifest.xml:14:22-65
uses-permission#android.permission.MOUNT_UNMOUNT_FILESYSTEMS
ADDED from src/main/AndroidManifest.xml:15:5-17:47
	tools:ignore
		ADDED from src/main/AndroidManifest.xml:17:9-44
	android:name
		ADDED from src/main/AndroidManifest.xml:16:9-68
uses-permission#android.permission.CAMERA
ADDED from src/main/AndroidManifest.xml:18:5-65
	android:name
		ADDED from src/main/AndroidManifest.xml:18:22-62
uses-permission#android.permission.RECORD_AUDIO
ADDED from src/main/AndroidManifest.xml:19:5-71
	android:name
		ADDED from src/main/AndroidManifest.xml:19:22-68
uses-permission#android.permission.WRITE_EXTERNAL_STORAGE
ADDED from src/main/AndroidManifest.xml:20:5-81
	android:name
		ADDED from src/main/AndroidManifest.xml:20:22-78
uses-permission#android.permission.READ_EXTERNAL_STORAGE
ADDED from src/main/AndroidManifest.xml:21:5-80
	android:name
		ADDED from src/main/AndroidManifest.xml:21:22-77
uses-permission#android.permission.READ_PHONE_STATE
ADDED from src/main/AndroidManifest.xml:22:5-75
	android:name
		ADDED from src/main/AndroidManifest.xml:22:22-72
uses-permission#android.permission.INTERNET
ADDED from src/main/AndroidManifest.xml:23:5-67
	android:name
		ADDED from src/main/AndroidManifest.xml:23:22-64
application
ADDED from src/main/AndroidManifest.xml:26:5-194:19
MERGED from [com.android.support.constraint:constraint-layout:1.1.3] AndroidManifest.xml:9:5-20
MERGED from [com.android.support.constraint:constraint-layout:1.1.3] AndroidManifest.xml:9:5-20
MERGED from [com.android.volley:volley:1.0.0] AndroidManifest.xml:9:5-20
MERGED from [com.android.volley:volley:1.0.0] AndroidManifest.xml:9:5-20
	android:label
		ADDED from src/main/AndroidManifest.xml:28:9-41
	android:icon
		ADDED from src/main/AndroidManifest.xml:27:9-38
activity#global.factura.qrpos.Main_Activity
ADDED from src/main/AndroidManifest.xml:29:9-38:20
	android:label
		ADDED from src/main/AndroidManifest.xml:32:13-45
	android:configChanges
		ADDED from src/main/AndroidManifest.xml:31:13-63
	android:name
		ADDED from src/main/AndroidManifest.xml:30:13-62
intent-filter#action:name:android.intent.action.MAIN+category:name:android.intent.category.LAUNCHER
ADDED from src/main/AndroidManifest.xml:33:13-37:29
action#android.intent.action.MAIN
ADDED from src/main/AndroidManifest.xml:34:17-69
	android:name
		ADDED from src/main/AndroidManifest.xml:34:25-66
category#android.intent.category.LAUNCHER
ADDED from src/main/AndroidManifest.xml:36:17-77
	android:name
		ADDED from src/main/AndroidManifest.xml:36:27-74
activity#global.factura.qrpos.DeviceListActivity
ADDED from src/main/AndroidManifest.xml:39:9-43:59
	android:label
		ADDED from src/main/AndroidManifest.xml:42:13-50
	android:configChanges
		ADDED from src/main/AndroidManifest.xml:41:13-63
	android:theme
		ADDED from src/main/AndroidManifest.xml:43:13-56
	android:name
		ADDED from src/main/AndroidManifest.xml:40:13-67
activity#global.factura.qrpos.init_alfilPOS
ADDED from src/main/AndroidManifest.xml:44:9-48:59
	android:label
		ADDED from src/main/AndroidManifest.xml:47:13-50
	android:configChanges
		ADDED from src/main/AndroidManifest.xml:46:13-63
	android:theme
		ADDED from src/main/AndroidManifest.xml:48:13-56
	android:name
		ADDED from src/main/AndroidManifest.xml:45:13-62
activity#global.factura.qrpos.addDatos
ADDED from src/main/AndroidManifest.xml:49:9-53:59
	android:label
		ADDED from src/main/AndroidManifest.xml:52:13-50
	android:configChanges
		ADDED from src/main/AndroidManifest.xml:51:13-63
	android:theme
		ADDED from src/main/AndroidManifest.xml:53:13-56
	android:name
		ADDED from src/main/AndroidManifest.xml:50:13-57
activity#global.factura.qrpos.Modificar
ADDED from src/main/AndroidManifest.xml:54:9-58:59
	android:label
		ADDED from src/main/AndroidManifest.xml:57:13-50
	android:configChanges
		ADDED from src/main/AndroidManifest.xml:56:13-63
	android:theme
		ADDED from src/main/AndroidManifest.xml:58:13-56
	android:name
		ADDED from src/main/AndroidManifest.xml:55:13-58
activity#global.factura.qrpos.Modificar2
ADDED from src/main/AndroidManifest.xml:59:9-63:59
	android:label
		ADDED from src/main/AndroidManifest.xml:62:13-50
	android:configChanges
		ADDED from src/main/AndroidManifest.xml:61:13-63
	android:theme
		ADDED from src/main/AndroidManifest.xml:63:13-56
	android:name
		ADDED from src/main/AndroidManifest.xml:60:13-59
activity#global.factura.qrpos.MainActivity_Detalle
ADDED from src/main/AndroidManifest.xml:64:9-68:59
	android:label
		ADDED from src/main/AndroidManifest.xml:67:13-50
	android:configChanges
		ADDED from src/main/AndroidManifest.xml:66:13-63
	android:theme
		ADDED from src/main/AndroidManifest.xml:68:13-56
	android:name
		ADDED from src/main/AndroidManifest.xml:65:13-69
activity#global.factura.qrpos.Detalle
ADDED from src/main/AndroidManifest.xml:69:9-73:59
	android:label
		ADDED from src/main/AndroidManifest.xml:72:13-50
	android:configChanges
		ADDED from src/main/AndroidManifest.xml:71:13-63
	android:theme
		ADDED from src/main/AndroidManifest.xml:73:13-56
	android:name
		ADDED from src/main/AndroidManifest.xml:70:13-56
activity#global.factura.qrpos.addDatos_Detalle
ADDED from src/main/AndroidManifest.xml:74:9-78:59
	android:label
		ADDED from src/main/AndroidManifest.xml:77:13-50
	android:configChanges
		ADDED from src/main/AndroidManifest.xml:76:13-63
	android:theme
		ADDED from src/main/AndroidManifest.xml:78:13-56
	android:name
		ADDED from src/main/AndroidManifest.xml:75:13-65
activity#global.factura.qrpos.Empresas
ADDED from src/main/AndroidManifest.xml:79:9-83:59
	android:label
		ADDED from src/main/AndroidManifest.xml:82:13-50
	android:configChanges
		ADDED from src/main/AndroidManifest.xml:81:13-63
	android:theme
		ADDED from src/main/AndroidManifest.xml:83:13-56
	android:name
		ADDED from src/main/AndroidManifest.xml:80:13-57
activity#global.factura.qrpos.TicketPos
ADDED from src/main/AndroidManifest.xml:84:9-88:59
	android:label
		ADDED from src/main/AndroidManifest.xml:87:13-50
	android:configChanges
		ADDED from src/main/AndroidManifest.xml:86:13-63
	android:theme
		ADDED from src/main/AndroidManifest.xml:88:13-56
	android:name
		ADDED from src/main/AndroidManifest.xml:85:13-58
activity#global.factura.qrpos.MainActivity_Productos
ADDED from src/main/AndroidManifest.xml:89:9-93:59
	android:label
		ADDED from src/main/AndroidManifest.xml:92:13-50
	android:configChanges
		ADDED from src/main/AndroidManifest.xml:91:13-63
	android:theme
		ADDED from src/main/AndroidManifest.xml:93:13-56
	android:name
		ADDED from src/main/AndroidManifest.xml:90:13-71
activity#global.factura.qrpos.addDatos_Productos
ADDED from src/main/AndroidManifest.xml:94:9-98:59
	android:label
		ADDED from src/main/AndroidManifest.xml:97:13-50
	android:configChanges
		ADDED from src/main/AndroidManifest.xml:96:13-63
	android:theme
		ADDED from src/main/AndroidManifest.xml:98:13-56
	android:name
		ADDED from src/main/AndroidManifest.xml:95:13-67
activity#global.factura.qrpos.Productos
ADDED from src/main/AndroidManifest.xml:99:9-103:59
	android:label
		ADDED from src/main/AndroidManifest.xml:102:13-50
	android:configChanges
		ADDED from src/main/AndroidManifest.xml:101:13-63
	android:theme
		ADDED from src/main/AndroidManifest.xml:103:13-56
	android:name
		ADDED from src/main/AndroidManifest.xml:100:13-58
activity#global.factura.qrpos.MainActivity_Series
ADDED from src/main/AndroidManifest.xml:104:9-108:59
	android:label
		ADDED from src/main/AndroidManifest.xml:107:13-50
	android:configChanges
		ADDED from src/main/AndroidManifest.xml:106:13-63
	android:theme
		ADDED from src/main/AndroidManifest.xml:108:13-56
	android:name
		ADDED from src/main/AndroidManifest.xml:105:13-68
activity#global.factura.qrpos.Series
ADDED from src/main/AndroidManifest.xml:109:9-113:59
	android:label
		ADDED from src/main/AndroidManifest.xml:112:13-50
	android:configChanges
		ADDED from src/main/AndroidManifest.xml:111:13-63
	android:theme
		ADDED from src/main/AndroidManifest.xml:113:13-56
	android:name
		ADDED from src/main/AndroidManifest.xml:110:13-55
activity#global.factura.qrpos.addDatos_Series
ADDED from src/main/AndroidManifest.xml:114:9-118:59
	android:label
		ADDED from src/main/AndroidManifest.xml:117:13-50
	android:configChanges
		ADDED from src/main/AndroidManifest.xml:116:13-63
	android:theme
		ADDED from src/main/AndroidManifest.xml:118:13-56
	android:name
		ADDED from src/main/AndroidManifest.xml:115:13-64
activity#global.factura.qrpos.MainActivity_Clientes
ADDED from src/main/AndroidManifest.xml:119:9-123:59
	android:label
		ADDED from src/main/AndroidManifest.xml:122:13-50
	android:configChanges
		ADDED from src/main/AndroidManifest.xml:121:13-63
	android:theme
		ADDED from src/main/AndroidManifest.xml:123:13-56
	android:name
		ADDED from src/main/AndroidManifest.xml:120:13-70
activity#global.factura.qrpos.addDatos_Clientes
ADDED from src/main/AndroidManifest.xml:124:9-128:59
	android:label
		ADDED from src/main/AndroidManifest.xml:127:13-50
	android:configChanges
		ADDED from src/main/AndroidManifest.xml:126:13-63
	android:theme
		ADDED from src/main/AndroidManifest.xml:128:13-56
	android:name
		ADDED from src/main/AndroidManifest.xml:125:13-66
activity#global.factura.qrpos.Clientes
ADDED from src/main/AndroidManifest.xml:129:9-133:59
	android:label
		ADDED from src/main/AndroidManifest.xml:132:13-50
	android:configChanges
		ADDED from src/main/AndroidManifest.xml:131:13-63
	android:theme
		ADDED from src/main/AndroidManifest.xml:133:13-56
	android:name
		ADDED from src/main/AndroidManifest.xml:130:13-57
activity#global.factura.qrpos.init_alfilPOS_archivadas
ADDED from src/main/AndroidManifest.xml:134:9-138:59
	android:label
		ADDED from src/main/AndroidManifest.xml:137:13-50
	android:configChanges
		ADDED from src/main/AndroidManifest.xml:136:13-63
	android:theme
		ADDED from src/main/AndroidManifest.xml:138:13-56
	android:name
		ADDED from src/main/AndroidManifest.xml:135:13-73
activity#global.factura.qrpos.Modificar2_archivadas
ADDED from src/main/AndroidManifest.xml:139:9-143:59
	android:label
		ADDED from src/main/AndroidManifest.xml:142:13-50
	android:configChanges
		ADDED from src/main/AndroidManifest.xml:141:13-63
	android:theme
		ADDED from src/main/AndroidManifest.xml:143:13-56
	android:name
		ADDED from src/main/AndroidManifest.xml:140:13-70
activity#global.factura.qrpos.addDatos_Notas
ADDED from src/main/AndroidManifest.xml:144:9-148:59
	android:label
		ADDED from src/main/AndroidManifest.xml:147:13-50
	android:configChanges
		ADDED from src/main/AndroidManifest.xml:146:13-63
	android:theme
		ADDED from src/main/AndroidManifest.xml:148:13-56
	android:name
		ADDED from src/main/AndroidManifest.xml:145:13-63
activity#global.factura.qrpos.MainActivity_Unidades
ADDED from src/main/AndroidManifest.xml:149:9-153:59
	android:label
		ADDED from src/main/AndroidManifest.xml:152:13-50
	android:configChanges
		ADDED from src/main/AndroidManifest.xml:151:13-63
	android:theme
		ADDED from src/main/AndroidManifest.xml:153:13-56
	android:name
		ADDED from src/main/AndroidManifest.xml:150:13-70
activity#global.factura.qrpos.Unidades
ADDED from src/main/AndroidManifest.xml:154:9-158:59
	android:label
		ADDED from src/main/AndroidManifest.xml:157:13-50
	android:configChanges
		ADDED from src/main/AndroidManifest.xml:156:13-63
	android:theme
		ADDED from src/main/AndroidManifest.xml:158:13-56
	android:name
		ADDED from src/main/AndroidManifest.xml:155:13-57
activity#global.factura.qrpos.addDatos_Unidades
ADDED from src/main/AndroidManifest.xml:159:9-163:59
	android:label
		ADDED from src/main/AndroidManifest.xml:162:13-50
	android:configChanges
		ADDED from src/main/AndroidManifest.xml:161:13-63
	android:theme
		ADDED from src/main/AndroidManifest.xml:163:13-56
	android:name
		ADDED from src/main/AndroidManifest.xml:160:13-66
activity#global.factura.qrpos.TicketPos_Base
ADDED from src/main/AndroidManifest.xml:164:9-168:59
	android:label
		ADDED from src/main/AndroidManifest.xml:167:13-50
	android:configChanges
		ADDED from src/main/AndroidManifest.xml:166:13-63
	android:theme
		ADDED from src/main/AndroidManifest.xml:168:13-56
	android:name
		ADDED from src/main/AndroidManifest.xml:165:13-63
activity#global.factura.qrpos.Apis_key
ADDED from src/main/AndroidManifest.xml:169:9-173:59
	android:label
		ADDED from src/main/AndroidManifest.xml:172:13-50
	android:configChanges
		ADDED from src/main/AndroidManifest.xml:171:13-63
	android:theme
		ADDED from src/main/AndroidManifest.xml:173:13-56
	android:name
		ADDED from src/main/AndroidManifest.xml:170:13-57
activity#global.factura.qrpos.Get_Pasword_Productos
ADDED from src/main/AndroidManifest.xml:174:9-178:59
	android:label
		ADDED from src/main/AndroidManifest.xml:177:13-50
	android:configChanges
		ADDED from src/main/AndroidManifest.xml:176:13-63
	android:theme
		ADDED from src/main/AndroidManifest.xml:178:13-56
	android:name
		ADDED from src/main/AndroidManifest.xml:175:13-70
activity#global.factura.qrpos.Get_Pasword_Empresas
ADDED from src/main/AndroidManifest.xml:179:9-183:59
	android:label
		ADDED from src/main/AndroidManifest.xml:182:13-50
	android:configChanges
		ADDED from src/main/AndroidManifest.xml:181:13-63
	android:theme
		ADDED from src/main/AndroidManifest.xml:183:13-56
	android:name
		ADDED from src/main/AndroidManifest.xml:180:13-69
activity#global.factura.qrpos.Get_Pasword_Series
ADDED from src/main/AndroidManifest.xml:184:9-188:59
	android:label
		ADDED from src/main/AndroidManifest.xml:187:13-50
	android:configChanges
		ADDED from src/main/AndroidManifest.xml:186:13-63
	android:theme
		ADDED from src/main/AndroidManifest.xml:188:13-56
	android:name
		ADDED from src/main/AndroidManifest.xml:185:13-67